<?xml version="1.0" encoding="UTF-8"?>
<!-- Generated by org.testng.reporters.JUnitReportReporter -->
<testsuite hostname="LAPTOP-QT9092SR" name="com.training.Automation.Waits" tests="1" failures="0" timestamp="17 Jan 2017 18:35:44 GMT" time="11.059" errors="0">
  <testcase name="testExplicitWait" time="11.059" classname="com.training.Automation.Waits"/>
</testsuite> <!-- com.training.Automation.Waits -->
