<?xml version="1.0" encoding="UTF-8"?>
<!-- Generated by org.testng.reporters.JUnitReportReporter -->
<testsuite hostname="LAPTOP-QT9092SR" name="com.training.Automation.ActionsExample" tests="1" failures="0" timestamp="17 Jan 2017 19:22:40 GMT" time="7.747" errors="0">
  <testcase name="testActions" time="7.747" classname="com.training.Automation.ActionsExample"/>
</testsuite> <!-- com.training.Automation.ActionsExample -->
