<?xml version="1.0" encoding="UTF-8"?>
<!-- Generated by org.testng.reporters.JUnitReportReporter -->
<testsuite hostname="DESKTOP-ID9MJDP" name="com.training.Automation.HomePageTest" tests="1" failures="0" timestamp="12 Jan 2017 20:35:40 GMT" time="18.071" errors="0">
  <testcase name="testWalmartHomePage" time="18.071" classname="com.training.Automation.HomePageTest"/>
</testsuite> <!-- com.training.Automation.HomePageTest -->
