<?xml version="1.0" encoding="UTF-8"?>
<!-- Generated by org.testng.reporters.JUnitReportReporter -->
<testsuite hostname="DESKTOP-ID9MJDP" name="com.training.MobileAutomation.App" tests="1" failures="0" timestamp="25 Jan 2017 20:44:49 GMT" time="29.320" errors="0">
  <testcase name="testApp" time="29.320" classname="com.training.MobileAutomation.App"/>
</testsuite> <!-- com.training.MobileAutomation.App -->
