<?xml version="1.0" encoding="UTF-8"?>
<!-- Generated by org.testng.reporters.JUnitReportReporter -->
<testsuite skipped="0" hostname="DESKTOP-ID9MJDP" name="com.wbl.testng.test.HomePageTest" tests="2" failures="0" timestamp="9 Jan 2017 18:26:14 GMT" time="0.008" errors="0">
  <testcase name="testPresentations" time="0.001" classname="com.wbl.testng.test.HomePageTest"/>
  <testcase name="testLogin" time="0.007" classname="com.wbl.testng.test.HomePageTest"/>
</testsuite> <!-- com.wbl.testng.test.HomePageTest -->
