<?xml version="1.0" encoding="UTF-8"?>
<!-- Generated by org.testng.reporters.JUnitReportReporter -->
<testsuite skipped="0" hostname="DESKTOP-ID9MJDP" name="com.wbl.testng.test.CalculatorTest" tests="3" failures="0" timestamp="7 Jan 2017 01:57:41 GMT" time="0.009" errors="0">
  <testcase name="testDoCalc1" time="0.001" classname="com.wbl.testng.test.CalculatorTest"/>
  <testcase name="testDoCalc1" time="0.001" classname="com.wbl.testng.test.CalculatorTest"/>
  <testcase name="testDoCalc1" time="0.007" classname="com.wbl.testng.test.CalculatorTest"/>
</testsuite> <!-- com.wbl.testng.test.CalculatorTest -->
