<?xml version="1.0" encoding="UTF-8"?>
<!-- Generated by org.testng.reporters.JUnitReportReporter -->
<testsuite skipped="0" hostname="DESKTOP-ID9MJDP" name="com.wbl.testng.test.BasicTest" tests="2" failures="0" timestamp="9 Jan 2017 19:34:00 GMT" time="0.313" errors="0">
  <testcase name="test2" time="0.011" classname="com.wbl.testng.test.BasicTest"/>
  <testcase name="test1" time="0.302" classname="com.wbl.testng.test.BasicTest"/>
</testsuite> <!-- com.wbl.testng.test.BasicTest -->
