<?xml version="1.0" encoding="UTF-8"?>
<!-- Generated by org.testng.reporters.JUnitReportReporter -->
<testsuite skipped="0" hostname="DESKTOP-ID9MJDP" name="com.wbl.testng.test.PrimeNumberTest" tests="4" failures="0" timestamp="7 Jan 2017 01:13:35 GMT" time="0.005" errors="0">
  <testcase name="testIsPrime1" time="0.002" classname="com.wbl.testng.test.PrimeNumberTest"/>
  <testcase name="testIsPrime3" time="0.000" classname="com.wbl.testng.test.PrimeNumberTest"/>
  <testcase name="testIsPrime4" time="0.001" classname="com.wbl.testng.test.PrimeNumberTest"/>
  <testcase name="testIsPrime2" time="0.002" classname="com.wbl.testng.test.PrimeNumberTest"/>
</testsuite> <!-- com.wbl.testng.test.PrimeNumberTest -->
