<?xml version="1.0" encoding="UTF-8"?>
<!-- Generated by org.testng.reporters.JUnitReportReporter -->
<testsuite hostname="LAPTOP-QT9092SR" name="com.wbl.restApiAutomation.TestTwitterApi" tests="2" failures="0" timestamp="10 Feb 2017 20:12:30 GMT" time="1.321" errors="0">
  <testcase name="testPostAccountSettings" time="0.256" classname="com.wbl.restApiAutomation.TestTwitterApi"/>
  <testcase name="testPostAccountSettings" time="1.065" classname="com.wbl.restApiAutomation.TestTwitterApi"/>
</testsuite> <!-- com.wbl.restApiAutomation.TestTwitterApi -->
